<?xml version="1.0" encoding="UTF-8" ?>
<testsuite errors="0" failures="0" hostname="Keith-Qiu" name="net.sourceforge.tess4j.util.PdfUtilitiesTest" skipped="0" tests="5" time="1.512" timestamp="2016-11-10T15:09:39">
  <properties>
[...]
</properties>
  <testcase classname="net.sourceforge.tess4j.util.PdfUtilitiesTest" name="testSplitPdf" time="0.827" />
  <testcase classname="net.sourceforge.tess4j.util.PdfUtilitiesTest" name="testGetPdfPageCount" time="0.041" />
  <testcase classname="net.sourceforge.tess4j.util.PdfUtilitiesTest" name="testMergePdf" time="0.319" />
  <testcase classname="net.sourceforge.tess4j.util.PdfUtilitiesTest" name="testConvertPdf2Png" time="0.079" />
  <testcase classname="net.sourceforge.tess4j.util.PdfUtilitiesTest" name="testConvertPdf2Tiff" time="0.205" />
  <system-out><![CDATA[23:09:39.698 [main] INFO net.sourceforge.tess4j.util.PdfUtilitiesTest - splitPdf
23:09:40.525 [main] INFO net.sourceforge.tess4j.util.PdfUtilitiesTest - getPdfPageCount
23:09:40.565 [main] INFO net.sourceforge.tess4j.util.PdfUtilitiesTest - mergePdf
23:09:40.885 [main] INFO net.sourceforge.tess4j.util.PdfUtilitiesTest - convertPdf2Png
23:09:40.965 [main] INFO net.sourceforge.tess4j.util.PdfUtilitiesTest - convertPdf2Tiff
]]></system-out>
  <system-err><![CDATA[]]></system-err>
</testsuite>
