<?xml version="1.0" encoding="UTF-8" ?>
<testsuite errors="0" failures="0" hostname="Keith-Qiu" name="net.sourceforge.tess4j.TessAPITest" skipped="0" tests="17" time="8.006" timestamp="2016-11-10T15:09:11">
  <properties>
[...]
</properties>
  <testcase classname="net.sourceforge.tess4j.TessAPITest" name="testTessBaseAPIAnalyseLayout" time="0.63" />
  <testcase classname="net.sourceforge.tess4j.TessAPITest" name="testChoiceIterator" time="0.421" />
  <testcase classname="net.sourceforge.tess4j.TessAPITest" name="testTessBaseAPIGetUTF8Text" time="0.765" />
  <testcase classname="net.sourceforge.tess4j.TessAPITest" name="testOSD" time="1.504" />
  <testcase classname="net.sourceforge.tess4j.TessAPITest" name="testTessBaseAPIGetUTF8Text_Pix" time="0.641" />
  <testcase classname="net.sourceforge.tess4j.TessAPITest" name="testTessBaseAPIGetInitLanguagesAsString" time="0.0" />
  <testcase classname="net.sourceforge.tess4j.TessAPITest" name="testTessBaseAPIGetComponentImages" time="0.723" />
  <testcase classname="net.sourceforge.tess4j.TessAPITest" name="testTessBaseAPIRect" time="0.677" />
  <testcase classname="net.sourceforge.tess4j.TessAPITest" name="testTessBaseAPIGetBoolVariable" time="0.0" />
  <testcase classname="net.sourceforge.tess4j.TessAPITest" name="testTessBaseAPIPrintVariablesToFile" time="0.007" />
  <testcase classname="net.sourceforge.tess4j.TessAPITest" name="testResultRenderer" time="0.637" />
  <testcase classname="net.sourceforge.tess4j.TessAPITest" name="testTessBaseAPIInit4" time="0.104" />
  <testcase classname="net.sourceforge.tess4j.TessAPITest" name="testTessBaseAPIGetLoadedLanguagesAsVector" time="0.114" />
  <testcase classname="net.sourceforge.tess4j.TessAPITest" name="testTessBaseAPIGetAvailableLanguagesAsVector" time="0.103" />
  <testcase classname="net.sourceforge.tess4j.TessAPITest" name="testTessBaseAPIGetHOCRText" time="0.646" />
  <testcase classname="net.sourceforge.tess4j.TessAPITest" name="testResultIterator" time="0.985" />
  <testcase classname="net.sourceforge.tess4j.TessAPITest" name="testTessVersion" time="0.0" />
  <system-out><![CDATA[23:09:12.281 [main] INFO net.sourceforge.tess4j.TessAPITest - TessBaseAPIAnalyseLayout
23:09:12.526 [main] INFO net.sourceforge.tess4j.TessAPITest - PageIteratorLevel: RIL_TEXTLINE
23:09:12.553 [main] INFO net.sourceforge.tess4j.TessAPITest - Box[0]: x=105, y=66, w=718, h=47
23:09:12.554 [main] INFO net.sourceforge.tess4j.TessAPITest - Box[1]: x=104, y=115, w=783, h=50
23:09:12.554 [main] INFO net.sourceforge.tess4j.TessAPITest - Box[2]: x=103, y=165, w=732, h=41
23:09:12.554 [main] INFO net.sourceforge.tess4j.TessAPITest - Box[3]: x=103, y=215, w=808, h=49
23:09:12.554 [main] INFO net.sourceforge.tess4j.TessAPITest - Box[4]: x=102, y=266, w=775, h=48
23:09:12.555 [main] INFO net.sourceforge.tess4j.TessAPITest - Box[5]: x=102, y=315, w=816, h=42
23:09:12.555 [main] INFO net.sourceforge.tess4j.TessAPITest - Box[6]: x=101, y=366, w=732, h=43
23:09:12.555 [main] INFO net.sourceforge.tess4j.TessAPITest - Box[7]: x=100, y=419, w=759, h=45
23:09:12.555 [main] INFO net.sourceforge.tess4j.TessAPITest - Box[8]: x=100, y=466, w=734, h=45
23:09:12.555 [main] INFO net.sourceforge.tess4j.TessAPITest - Box[9]: x=99, y=516, w=734, h=47
23:09:12.555 [main] INFO net.sourceforge.tess4j.TessAPITest - Box[10]: x=98, y=568, w=731, h=45
23:09:12.556 [main] INFO net.sourceforge.tess4j.TessAPITest - Box[11]: x=98, y=616, w=612, h=45
23:09:12.564 [main] INFO net.sourceforge.tess4j.TessAPITest - TessResultIteratorGetChoiceIterator
23:09:12.789 [Thread-2] INFO net.sourceforge.tess4j.ProgressMonitor - ocr alive: false
23:09:12.789 [Thread-2] INFO net.sourceforge.tess4j.ProgressMonitor - progress: 0
23:09:12.889 [Thread-2] INFO net.sourceforge.tess4j.ProgressMonitor - ocr alive: false
23:09:12.889 [Thread-2] INFO net.sourceforge.tess4j.ProgressMonitor - progress: 0
23:09:12.898 [main] INFO net.sourceforge.tess4j.TessAPITest - Message: 00
23:09:12.899 [main] INFO net.sourceforge.tess4j.TessAPITest - symbol ”, conf: 75.915962
	- 23:09:12.900 [main] INFO net.sourceforge.tess4j.TessAPITest - n conf: 80.995392
		- 23:09:12.900 [main] INFO net.sourceforge.tess4j.TessAPITest - u conf: 79.086304
		- 23:09:12.900 [main] INFO net.sourceforge.tess4j.TessAPITest - ” conf: 75.915962
		- 23:09:12.900 [main] INFO net.sourceforge.tess4j.TessAPITest - H conf: 75.478256
		- 23:09:12.901 [main] INFO net.sourceforge.tess4j.TessAPITest - U conf: 71.112495
		- 23:09:12.901 [main] INFO net.sourceforge.tess4j.TessAPITest - ? conf: 70.597626
		- 23:09:12.901 [main] INFO net.sourceforge.tess4j.TessAPITest - “ conf: 69.495064
		- 23:09:12.901 [main] INFO net.sourceforge.tess4j.TessAPITest - m conf: 68.843292
		- 23:09:12.901 [main] INFO net.sourceforge.tess4j.TessAPITest - M conf: 67.530167
		- 23:09:12.901 [main] INFO net.sourceforge.tess4j.TessAPITest - N conf: 67.238068
23:09:12.902 [main] INFO net.sourceforge.tess4j.TessAPITest - ---------------------------------------------
23:09:12.902 [main] INFO net.sourceforge.tess4j.TessAPITest - symbol u, conf: 85.461090
	- 23:09:12.902 [main] INFO net.sourceforge.tess4j.TessAPITest - u conf: 85.461090
		- 23:09:12.902 [main] INFO net.sourceforge.tess4j.TessAPITest - 0 conf: 82.795883
		- 23:09:12.902 [main] INFO net.sourceforge.tess4j.TessAPITest - U conf: 81.044731
		- 23:09:12.902 [main] INFO net.sourceforge.tess4j.TessAPITest - o conf: 80.628052
		- 23:09:12.902 [main] INFO net.sourceforge.tess4j.TessAPITest - O conf: 75.804092
		- 23:09:12.903 [main] INFO net.sourceforge.tess4j.TessAPITest - D conf: 73.159180
		- 23:09:12.903 [main] INFO net.sourceforge.tess4j.TessAPITest - n conf: 72.561432
		- 23:09:12.903 [main] INFO net.sourceforge.tess4j.TessAPITest - a conf: 72.536652
		- 23:09:12.903 [main] INFO net.sourceforge.tess4j.TessAPITest - Q conf: 71.146194
23:09:12.903 [main] INFO net.sourceforge.tess4j.TessAPITest - ---------------------------------------------
23:09:12.903 [main] INFO net.sourceforge.tess4j.TessAPITest - symbol m, conf: 86.553200
	- 23:09:12.903 [main] INFO net.sourceforge.tess4j.TessAPITest - m conf: 86.553200
		- 23:09:12.904 [main] INFO net.sourceforge.tess4j.TessAPITest - w conf: 73.913483
23:09:12.904 [main] INFO net.sourceforge.tess4j.TessAPITest - ---------------------------------------------
23:09:12.904 [main] INFO net.sourceforge.tess4j.TessAPITest - symbol a, conf: 87.259933
	- 23:09:12.904 [main] INFO net.sourceforge.tess4j.TessAPITest - a conf: 87.259933
		- 23:09:12.904 [main] INFO net.sourceforge.tess4j.TessAPITest - u conf: 73.123428
23:09:12.904 [main] INFO net.sourceforge.tess4j.TessAPITest - ---------------------------------------------
23:09:12.904 [main] INFO net.sourceforge.tess4j.TessAPITest - symbol s, conf: 93.835777
	- 23:09:12.904 [main] INFO net.sourceforge.tess4j.TessAPITest - s conf: 93.835777
		- 23:09:12.905 [main] INFO net.sourceforge.tess4j.TessAPITest - 5 conf: 87.603432
		- 23:09:12.905 [main] INFO net.sourceforge.tess4j.TessAPITest - S conf: 85.454666
		- 23:09:12.905 [main] INFO net.sourceforge.tess4j.TessAPITest - $ conf: 82.590813
		- 23:09:12.905 [main] INFO net.sourceforge.tess4j.TessAPITest - § conf: 79.942047
23:09:12.905 [main] INFO net.sourceforge.tess4j.TessAPITest - ---------------------------------------------
23:09:12.905 [main] INFO net.sourceforge.tess4j.TessAPITest - symbol p, conf: 95.687866
	- 23:09:12.906 [main] INFO net.sourceforge.tess4j.TessAPITest - p conf: 95.687866
23:09:12.906 [main] INFO net.sourceforge.tess4j.TessAPITest - ---------------------------------------------
23:09:12.906 [main] INFO net.sourceforge.tess4j.TessAPITest - symbol a, conf: 91.527740
	- 23:09:12.906 [main] INFO net.sourceforge.tess4j.TessAPITest - a conf: 91.527740
23:09:12.906 [main] INFO net.sourceforge.tess4j.TessAPITest - ---------------------------------------------
23:09:12.952 [main] INFO net.sourceforge.tess4j.TessAPITest - symbol m, conf: 93.009445
	- 23:09:12.953 [main] INFO net.sourceforge.tess4j.TessAPITest - m conf: 93.009445
23:09:12.954 [main] INFO net.sourceforge.tess4j.TessAPITest - ---------------------------------------------
23:09:12.954 [main] INFO net.sourceforge.tess4j.TessAPITest - symbol m, conf: 93.132942
	- 23:09:12.955 [main] INFO net.sourceforge.tess4j.TessAPITest - m conf: 93.132942
23:09:12.956 [main] INFO net.sourceforge.tess4j.TessAPITest - ---------------------------------------------
23:09:12.957 [main] INFO net.sourceforge.tess4j.TessAPITest - symbol e, conf: 91.107666
	- 23:09:12.957 [main] INFO net.sourceforge.tess4j.TessAPITest - e conf: 91.107666
		- 23:09:12.958 [main] INFO net.sourceforge.tess4j.TessAPITest - c conf: 81.621017
23:09:12.959 [main] INFO net.sourceforge.tess4j.TessAPITest - ---------------------------------------------
23:09:12.959 [main] INFO net.sourceforge.tess4j.TessAPITest - symbol r, conf: 85.452377
	- 23:09:12.960 [main] INFO net.sourceforge.tess4j.TessAPITest - r conf: 85.452377
		- 23:09:12.960 [main] INFO net.sourceforge.tess4j.TessAPITest - t conf: 76.010422
		- 23:09:12.961 [main] INFO net.sourceforge.tess4j.TessAPITest - I conf: 74.115311
23:09:12.961 [main] INFO net.sourceforge.tess4j.TessAPITest - ---------------------------------------------
23:09:12.962 [main] INFO net.sourceforge.tess4j.TessAPITest - symbol @, conf: 73.220566
	- 23:09:12.962 [main] INFO net.sourceforge.tess4j.TessAPITest - @ conf: 73.220566
23:09:12.962 [main] INFO net.sourceforge.tess4j.TessAPITest - ---------------------------------------------
23:09:12.963 [main] INFO net.sourceforge.tess4j.TessAPITest - symbol w, conf: 96.203575
	- 23:09:12.963 [main] INFO net.sourceforge.tess4j.TessAPITest - w conf: 96.203575
		- 23:09:12.964 [main] INFO net.sourceforge.tess4j.TessAPITest - W conf: 89.168915
23:09:12.964 [main] INFO net.sourceforge.tess4j.TessAPITest - ---------------------------------------------
23:09:12.965 [main] INFO net.sourceforge.tess4j.TessAPITest - symbol e, conf: 92.872879
	- 23:09:12.965 [main] INFO net.sourceforge.tess4j.TessAPITest - e conf: 92.872879
		- 23:09:12.965 [main] INFO net.sourceforge.tess4j.TessAPITest - c conf: 79.961136
23:09:12.966 [main] INFO net.sourceforge.tess4j.TessAPITest - ---------------------------------------------
23:09:12.966 [main] INFO net.sourceforge.tess4j.TessAPITest - symbol 0, conf: 82.015205
	- 23:09:12.968 [main] INFO net.sourceforge.tess4j.TessAPITest - D conf: 84.704590
		- 23:09:12.968 [main] INFO net.sourceforge.tess4j.TessAPITest - o conf: 83.438599
		- 23:09:12.969 [main] INFO net.sourceforge.tess4j.TessAPITest - 0 conf: 82.015205
		- 23:09:12.969 [main] INFO net.sourceforge.tess4j.TessAPITest - O conf: 80.526337
		- 23:09:12.970 [main] INFO net.sourceforge.tess4j.TessAPITest - b conf: 80.402985
		- 23:09:12.970 [main] INFO net.sourceforge.tess4j.TessAPITest - n conf: 79.619080
		- 23:09:12.971 [main] INFO net.sourceforge.tess4j.TessAPITest - u conf: 79.599983
		- 23:09:12.971 [main] INFO net.sourceforge.tess4j.TessAPITest - U conf: 79.159546
		- 23:09:12.971 [main] INFO net.sourceforge.tess4j.TessAPITest - v conf: 76.372604
		- 23:09:12.972 [main] INFO net.sourceforge.tess4j.TessAPITest - a conf: 74.261772
23:09:12.972 [main] INFO net.sourceforge.tess4j.TessAPITest - ---------------------------------------------
23:09:12.972 [main] INFO net.sourceforge.tess4j.TessAPITest - symbol 5, conf: 84.670212
	- 23:09:12.972 [main] INFO net.sourceforge.tess4j.TessAPITest - s conf: 93.219666
		- 23:09:12.973 [main] INFO net.sourceforge.tess4j.TessAPITest - S conf: 89.481613
		- 23:09:12.973 [main] INFO net.sourceforge.tess4j.TessAPITest - 5 conf: 84.670212
		- 23:09:12.973 [main] INFO net.sourceforge.tess4j.TessAPITest - $ conf: 82.283829
		- 23:09:12.974 [main] INFO net.sourceforge.tess4j.TessAPITest - § conf: 79.448044
23:09:12.974 [main] INFO net.sourceforge.tess4j.TessAPITest - ---------------------------------------------
23:09:12.974 [main] INFO net.sourceforge.tess4j.TessAPITest - symbol 1, conf: 84.163788
	- 23:09:12.975 [main] INFO net.sourceforge.tess4j.TessAPITest - 1 conf: 84.163788
		- 23:09:12.975 [main] INFO net.sourceforge.tess4j.TessAPITest - l conf: 81.785667
		- 23:09:12.975 [main] INFO net.sourceforge.tess4j.TessAPITest - I conf: 78.418610
		- 23:09:12.975 [main] INFO net.sourceforge.tess4j.TessAPITest - ! conf: 74.251030
		- 23:09:12.976 [main] INFO net.sourceforge.tess4j.TessAPITest - i conf: 72.678902
23:09:12.976 [main] INFO net.sourceforge.tess4j.TessAPITest - ---------------------------------------------
23:09:12.987 [main] INFO net.sourceforge.tess4j.TessAPITest - TessBaseAPIGetUTF8Text
23:09:12.989 [Thread-2] INFO net.sourceforge.tess4j.ProgressMonitor - ocr alive: true
23:09:13.058 [Thread-2] INFO net.sourceforge.tess4j.ProgressMonitor - progress: 100
23:09:13.745 [main] INFO net.sourceforge.tess4j.TessAPITest - The (quick) [brown] {fox} jumps!
Over the $43,456.78 <lazy> #90 dog
& duck/goose, as 12.5% of E-mail
from aspammer@website.com is spam.
Der ,,schnelle” braune Fuchs springt
?ber den faulen Hund. Le renard brun
?rapide? saute par-dessus le chien
paresseux. La volpe marrone rapida
salta sopra i] cane pigro. El zorro
marrén répido salta sobre el perro
perezoso. A raposa marrom répida
salta sobre 0 C50 preguieoso.


23:09:13.752 [main] INFO net.sourceforge.tess4j.TessAPITest - OSD
23:09:13.857 [main] INFO net.sourceforge.tess4j.TessAPITest - PSM: PSM_AUTO_OSD
23:09:15.242 [main] INFO net.sourceforge.tess4j.TessAPITest - Orientation: ORIENTATION_PAGE_UP
WritingDirection: WRITING_DIRECTION_LEFT_TO_RIGHT
TextlineOrder: TEXTLINE_ORDER_TOP_TO_BOTTOM
Deskew angle: 0.0138

23:09:15.256 [main] INFO net.sourceforge.tess4j.TessAPITest - TessBaseAPIGetUTF8Text_Pix
23:09:15.892 [main] INFO net.sourceforge.tess4j.TessAPITest - The (quick) [brown] {fox} jumps!
Over the $43,456.78 <lazy> #90 dog
& duck/goose, as 12.5% of E-mail
from aspammer@website.com is spam.
Der ,,schnelle” braune Fuchs springt
?ber den faulen Hund. Le renard brun
?rapide? saute par-dessus le chien
paresseux. La volpe marrone rapida
salta sopra i] cane pigro. El zorro
marrén répido salta sobre el perro
perezoso. A raposa marrom répida
salta sobre 0 C50 preguieoso.


23:09:15.898 [main] INFO net.sourceforge.tess4j.TessAPITest - TessBaseAPIGetInitLanguagesAsString
23:09:15.898 [main] INFO net.sourceforge.tess4j.TessAPITest - TessBaseAPIGetComponentImages
Box[0]: x=105, y=66, w=718, h=47, confidence: 88, text: The (quick) [brown] {fox} jumps!

Box[1]: x=104, y=115, w=783, h=50, confidence: 90, text: Over the $43,456.78 <lazy> #90 dog

Box[2]: x=103, y=165, w=732, h=41, confidence: 90, text: & duck/goose, as 12.5% of E-mail

Box[3]: x=103, y=215, w=808, h=49, confidence: 88, text: from aspammer@website.com is spam.

Box[4]: x=102, y=266, w=775, h=48, confidence: 85, text: Der ,,schnelle” braune Fuchs springt

Box[5]: x=102, y=315, w=816, h=42, confidence: 86, text: ?ber den faulen Hund. Le renard brun

Box[6]: x=101, y=366, w=732, h=43, confidence: 88, text: ?rapide? saute par-dessus le chien

Box[7]: x=100, y=419, w=759, h=45, confidence: 88, text: paresseux. La volpe marrone rapida

Box[8]: x=100, y=466, w=734, h=45, confidence: 90, text: salta sopra i] cane pigro. El zorro

Box[9]: x=99, y=516, w=734, h=47, confidence: 86, text: marrén répido salta sobre el perro

Box[10]: x=98, y=568, w=731, h=45, confidence: 87, text: perezoso. A raposa marrom répida

Box[11]: x=98, y=616, w=612, h=45, confidence: 82, text: salta sobre 0 C50 preguieoso.

23:09:16.622 [main] INFO net.sourceforge.tess4j.TessAPITest - TessBaseAPIRect
23:09:17.293 [main] INFO net.sourceforge.tess4j.TessAPITest - The (quick) [brown] {fox} jumps!
Over the $43,456.78 <lazy> #90 dog
& duck/goose, as 12.5% of E-mail
from aspammer@website.com is spam.
Der ,,schnelle” braune Fuchs springt
?ber den faulen Hund. Le renard brun
?rapide? saute par-dessus le chien
paresseux. La volpe marrone rapida
salta sopra i] cane pigro. El zorro
marrén répido salta sobre el perro
perezoso. A raposa marrom répida
salta sobre 0 C50 preguieoso.


23:09:17.300 [main] INFO net.sourceforge.tess4j.TessAPITest - TessBaseAPIGetBoolVariable
23:09:17.300 [main] INFO net.sourceforge.tess4j.TessAPITest - TessBaseAPIPrintVariablesToFile
23:09:17.308 [main] INFO net.sourceforge.tess4j.TessAPITest - TessResultRenderer
23:09:17.938 [main] INFO net.sourceforge.tess4j.TessAPITest - TessResultRendererExtention: hocr
TessResultRendererTitle: 
TessResultRendererImageNum: 0
23:09:17.938 [main] INFO net.sourceforge.tess4j.TessAPITest - TessResultRendererExtention: pdf
TessResultRendererTitle: 
TessResultRendererImageNum: 0
23:09:17.938 [main] INFO net.sourceforge.tess4j.TessAPITest - TessResultRendererExtention: txt
TessResultRendererTitle: 
TessResultRendererImageNum: 0
23:09:17.939 [main] INFO net.sourceforge.tess4j.TessAPITest - TessResultRendererExtention: box
TessResultRendererTitle: 
TessResultRendererImageNum: 0
23:09:17.945 [main] INFO net.sourceforge.tess4j.TessAPITest - TessBaseAPIInit4
23:09:18.049 [main] INFO net.sourceforge.tess4j.TessAPITest - TessBaseAPIGetLoadedLanguagesAsVector
23:09:18.164 [main] INFO net.sourceforge.tess4j.TessAPITest - TessBaseAPIGetAvailableLanguagesAsVector
23:09:18.268 [main] INFO net.sourceforge.tess4j.TessAPITest - TessBaseAPIGetHOCRText
23:09:18.916 [main] INFO net.sourceforge.tess4j.TessAPITest - TessBaseAPIGetIterator
23:09:19.027 [Thread-3] INFO net.sourceforge.tess4j.ProgressMonitor - ocr alive: false
23:09:19.027 [Thread-3] INFO net.sourceforge.tess4j.ProgressMonitor - progress: 0
23:09:19.127 [Thread-3] INFO net.sourceforge.tess4j.ProgressMonitor - ocr alive: false
23:09:19.127 [Thread-3] INFO net.sourceforge.tess4j.ProgressMonitor - progress: 0
23:09:19.227 [Thread-3] INFO net.sourceforge.tess4j.ProgressMonitor - ocr alive: false
23:09:19.227 [Thread-3] INFO net.sourceforge.tess4j.ProgressMonitor - progress: 0
23:09:19.328 [Thread-3] INFO net.sourceforge.tess4j.ProgressMonitor - ocr alive: false
23:09:19.328 [Thread-3] INFO net.sourceforge.tess4j.ProgressMonitor - progress: 0
23:09:19.428 [Thread-3] INFO net.sourceforge.tess4j.ProgressMonitor - ocr alive: false
23:09:19.428 [Thread-3] INFO net.sourceforge.tess4j.ProgressMonitor - progress: 0
23:09:19.528 [Thread-3] INFO net.sourceforge.tess4j.ProgressMonitor - ocr alive: false
23:09:19.528 [Thread-3] INFO net.sourceforge.tess4j.ProgressMonitor - progress: 0
23:09:19.614 [main] INFO net.sourceforge.tess4j.TessAPITest - Message: 000000
23:09:19.614 [main] INFO net.sourceforge.tess4j.TessAPITest - Bounding boxes:
char(s) left top right bottom confidence font-attributes
The 105 66 178 97 90.49322523:09:19.615 [main] INFO net.sourceforge.tess4j.TessAPITest -   font: Times_New_Roman, size: 9, font id: 283, bold: false, italic: false, underlined: false, monospace: false, serif: true, smallcap: false
(quick) 205 67 347 106 87.13725323:09:19.615 [main] INFO net.sourceforge.tess4j.TessAPITest -   font: Times_New_Roman_Bold, size: 9, font id: 284, bold: true, italic: false, underlined: false, monospace: false, serif: true, smallcap: false
[brown] 376 69 528 109 89.41955623:09:19.616 [main] INFO net.sourceforge.tess4j.TessAPITest -   font: Times_New_Roman, size: 9, font id: 283, bold: false, italic: false, underlined: false, monospace: false, serif: true, smallcap: false
{fox} 559 71 663 110 89.93277023:09:19.616 [main] INFO net.sourceforge.tess4j.TessAPITest -   font: Times_New_Roman, size: 9, font id: 283, bold: false, italic: false, underlined: false, monospace: false, serif: true, smallcap: false
jumps! 687 73 823 113 89.35710923:09:19.616 [main] INFO net.sourceforge.tess4j.TessAPITest -   font: Times_New_Roman, size: 9, font id: 283, bold: false, italic: false, underlined: false, monospace: false, serif: true, smallcap: false
Over 104 115 199 147 91.76277923:09:19.617 [main] INFO net.sourceforge.tess4j.TessAPITest -   font: Times_New_Roman, size: 10, font id: 283, bold: false, italic: false, underlined: false, monospace: false, serif: true, smallcap: false
the 224 117 283 148 89.95845823:09:19.617 [main] INFO net.sourceforge.tess4j.TessAPITest -   font: Times_New_Roman, size: 10, font id: 283, bold: false, italic: false, underlined: false, monospace: false, serif: true, smallcap: false
$43,456.78 310 117 533 155 88.32437123:09:19.617 [main] INFO net.sourceforge.tess4j.TessAPITest -   font: Times_New_Roman, size: 10, font id: 283, bold: false, italic: false, underlined: false, monospace: false, serif: true, smallcap: false
<lazy> 561 121 696 162 92.76135323:09:19.617 [main] INFO net.sourceforge.tess4j.TessAPITest -   font: Times_New_Roman, size: 10, font id: 283, bold: false, italic: false, underlined: false, monospace: false, serif: true, smallcap: false
#90 722 123 791 154 92.21235723:09:19.618 [main] INFO net.sourceforge.tess4j.TessAPITest -   font: Times_New_Roman, size: 10, font id: 283, bold: false, italic: false, underlined: false, monospace: false, serif: true, smallcap: false
dog 818 125 887 165 89.43035123:09:19.618 [main] INFO net.sourceforge.tess4j.TessAPITest -   font: Times_New_Roman, size: 10, font id: 283, bold: false, italic: false, underlined: false, monospace: false, serif: true, smallcap: false
& 103 165 134 196 91.04525823:09:19.618 [main] INFO net.sourceforge.tess4j.TessAPITest -   font: Times_New_Roman, size: 10, font id: 283, bold: false, italic: false, underlined: false, monospace: false, serif: true, smallcap: false
duck/goose, 160 166 396 206 88.79320523:09:19.618 [main] INFO net.sourceforge.tess4j.TessAPITest -   font: Times_New_Roman, size: 10, font id: 283, bold: false, italic: false, underlined: false, monospace: false, serif: true, smallcap: false
as 424 178 463 201 92.73037723:09:19.619 [main] INFO net.sourceforge.tess4j.TessAPITest -   font: Times_New_Roman, size: 10, font id: 283, bold: false, italic: false, underlined: false, monospace: false, serif: true, smallcap: false
12.5% 493 171 614 203 91.61330423:09:19.619 [main] INFO net.sourceforge.tess4j.TessAPITest -   font: Times_New_Roman, size: 10, font id: 283, bold: false, italic: false, underlined: false, monospace: false, serif: true, smallcap: false
of 638 172 680 204 89.45312523:09:19.620 [main] INFO net.sourceforge.tess4j.TessAPITest -   font: Times_New_Roman, size: 10, font id: 283, bold: false, italic: false, underlined: false, monospace: false, serif: true, smallcap: false
E-mail 700 174 835 206 91.03539323:09:19.620 [main] INFO net.sourceforge.tess4j.TessAPITest -   font: Times_New_Roman, size: 10, font id: 283, bold: false, italic: false, underlined: false, monospace: false, serif: true, smallcap: false
23:09:19.628 [Thread-3] INFO net.sourceforge.tess4j.ProgressMonitor - ocr alive: true
23:09:19.679 [Thread-3] INFO net.sourceforge.tess4j.ProgressMonitor - progress: 100
from 103 215 194 247 89.33738723:09:19.680 [main] INFO net.sourceforge.tess4j.TessAPITest -   font: Times_New_Roman, size: 9, font id: 283, bold: false, italic: false, underlined: false, monospace: false, serif: true, smallcap: false
aspammer@website.com 220 219 716 260 87.22178623:09:19.680 [main] INFO net.sourceforge.tess4j.TessAPITest -   font: Times_New_Roman, size: 9, font id: 283, bold: false, italic: false, underlined: false, monospace: false, serif: true, smallcap: false
is 742 223 773 255 93.23831223:09:19.681 [main] INFO net.sourceforge.tess4j.TessAPITest -   font: Times_New_Roman, size: 9, font id: 283, bold: false, italic: false, underlined: false, monospace: false, serif: true, smallcap: false
spam. 799 233 911 264 88.83859323:09:19.681 [main] INFO net.sourceforge.tess4j.TessAPITest -   font: Times_New_Roman, size: 9, font id: 283, bold: false, italic: false, underlined: false, monospace: false, serif: true, smallcap: false
Der 102 266 173 297 89.99256123:09:19.681 [main] INFO net.sourceforge.tess4j.TessAPITest -   font: Times_New_Roman, size: 9, font id: 283, bold: false, italic: false, underlined: false, monospace: false, serif: true, smallcap: false
,,schnelle” 198 267 406 302 78.85304323:09:19.681 [main] INFO net.sourceforge.tess4j.TessAPITest -   font: Times_New_Roman, size: 9, font id: 283, bold: false, italic: false, underlined: false, monospace: false, serif: true, smallcap: false
braune 433 269 568 302 91.46485923:09:19.682 [main] INFO net.sourceforge.tess4j.TessAPITest -   font: Times_New_Roman, size: 9, font id: 283, bold: false, italic: false, underlined: false, monospace: false, serif: true, smallcap: false
Fuchs 594 272 709 304 91.18370123:09:19.682 [main] INFO net.sourceforge.tess4j.TessAPITest -   font: Times_New_Roman, size: 9, font id: 283, bold: false, italic: false, underlined: false, monospace: false, serif: true, smallcap: false
springt 735 274 877 314 83.84573423:09:19.682 [main] INFO net.sourceforge.tess4j.TessAPITest -   font: Times_New_Roman, size: 9, font id: 283, bold: false, italic: false, underlined: false, monospace: false, serif: true, smallcap: false
?ber 102 315 187 347 75.94093323:09:19.682 [main] INFO net.sourceforge.tess4j.TessAPITest -   font: Times_New_Roman, size: 9, font id: 283, bold: false, italic: false, underlined: false, monospace: false, serif: true, smallcap: false
den 212 317 280 348 91.02278123:09:19.683 [main] INFO net.sourceforge.tess4j.TessAPITest -   font: Times_New_Roman, size: 9, font id: 283, bold: false, italic: false, underlined: false, monospace: false, serif: true, smallcap: false
faulen 306 318 430 350 86.81765723:09:19.683 [main] INFO net.sourceforge.tess4j.TessAPITest -   font: Times_New_Roman, size: 9, font id: 283, bold: false, italic: false, underlined: false, monospace: false, serif: true, smallcap: false
Hund. 456 320 572 352 92.35119623:09:19.683 [main] INFO net.sourceforge.tess4j.TessAPITest -   font: Times_New_Roman, size: 9, font id: 283, bold: false, italic: false, underlined: false, monospace: false, serif: true, smallcap: false
Le 601 322 648 354 87.86200023:09:19.683 [main] INFO net.sourceforge.tess4j.TessAPITest -   font: Times_New_Roman, size: 9, font id: 283, bold: false, italic: false, underlined: false, monospace: false, serif: true, smallcap: false
renard 674 324 803 356 87.81198923:09:19.683 [main] INFO net.sourceforge.tess4j.TessAPITest -   font: Times_New_Roman, size: 9, font id: 283, bold: false, italic: false, underlined: false, monospace: false, serif: true, smallcap: false
brun 827 325 918 357 90.92222623:09:19.683 [main] INFO net.sourceforge.tess4j.TessAPITest -   font: Times_New_Roman, size: 9, font id: 283, bold: false, italic: false, underlined: false, monospace: false, serif: true, smallcap: false
?rapide? 101 366 274 405 88.68408223:09:19.684 [main] INFO net.sourceforge.tess4j.TessAPITest -   font: Times_New_Roman, size: 9, font id: 283, bold: false, italic: false, underlined: false, monospace: false, serif: true, smallcap: false
saute 302 373 403 400 88.73291023:09:19.684 [main] INFO net.sourceforge.tess4j.TessAPITest -   font: Times_New_Roman, size: 9, font id: 283, bold: false, italic: false, underlined: false, monospace: false, serif: true, smallcap: false
par-dessus 428 371 641 409 87.19146023:09:19.780 [main] INFO net.sourceforge.tess4j.TessAPITest -   font: Times_New_Roman, size: 9, font id: 283, bold: false, italic: false, underlined: false, monospace: false, serif: true, smallcap: false
le 667 372 700 404 91.22314523:09:19.781 [main] INFO net.sourceforge.tess4j.TessAPITest -   font: Times_New_Roman, size: 9, font id: 283, bold: false, italic: false, underlined: false, monospace: false, serif: true, smallcap: false
chien 725 374 833 406 90.68603523:09:19.782 [main] INFO net.sourceforge.tess4j.TessAPITest -   font: Times_New_Roman, size: 9, font id: 283, bold: false, italic: false, underlined: false, monospace: false, serif: true, smallcap: false
paresseux. 100 424 308 454 89.91584823:09:19.782 [main] INFO net.sourceforge.tess4j.TessAPITest -   font: Times_New_Roman, size: 9, font id: 283, bold: false, italic: false, underlined: false, monospace: false, serif: true, smallcap: false
La 337 419 384 450 90.14282223:09:19.783 [main] INFO net.sourceforge.tess4j.TessAPITest -   font: Times_New_Roman, size: 9, font id: 283, bold: false, italic: false, underlined: false, monospace: false, serif: true, smallcap: false
volpe 409 420 516 459 90.51208523:09:19.784 [main] INFO net.sourceforge.tess4j.TessAPITest -   font: Times_New_Roman, size: 9, font id: 283, bold: false, italic: false, underlined: false, monospace: false, serif: true, smallcap: false
marrone 543 430 707 455 89.82218923:09:19.785 [main] INFO net.sourceforge.tess4j.TessAPITest -   font: Times_New_Roman, size: 9, font id: 283, bold: false, italic: false, underlined: false, monospace: false, serif: true, smallcap: false
rapida 733 424 859 464 85.99107423:09:19.786 [main] INFO net.sourceforge.tess4j.TessAPITest -   font: Times_New_Roman, size: 9, font id: 283, bold: false, italic: false, underlined: false, monospace: false, serif: true, smallcap: false
salta 100 466 192 497 90.31024923:09:19.787 [main] INFO net.sourceforge.tess4j.TessAPITest -   font: Times_New_Roman, size: 10, font id: 283, bold: false, italic: false, underlined: false, monospace: false, serif: true, smallcap: false
sopra 219 475 324 507 90.34414723:09:19.788 [main] INFO net.sourceforge.tess4j.TessAPITest -   font: Times_New_Roman, size: 10, font id: 283, bold: false, italic: false, underlined: false, monospace: false, serif: true, smallcap: false
i] 351 468 376 499 90.22200023:09:19.788 [main] INFO net.sourceforge.tess4j.TessAPITest -   font: Times_New_Roman, size: 10, font id: 283, bold: false, italic: false, underlined: false, monospace: false, serif: true, smallcap: false
cane 403 478 491 501 90.80200223:09:19.789 [main] INFO net.sourceforge.tess4j.TessAPITest -   font: Times_New_Roman, size: 10, font id: 283, bold: false, italic: false, underlined: false, monospace: false, serif: true, smallcap: false
pigro. 517 471 633 511 89.40604423:09:19.790 [main] INFO net.sourceforge.tess4j.TessAPITest -   font: Times_New_Roman, size: 10, font id: 283, bold: false, italic: false, underlined: false, monospace: false, serif: true, smallcap: false
El 662 473 703 504 96.02223223:09:19.791 [main] INFO net.sourceforge.tess4j.TessAPITest -   font: Times_New_Roman, size: 10, font id: 283, bold: false, italic: false, underlined: false, monospace: false, serif: true, smallcap: false
zorro 729 482 834 506 88.81683323:09:19.792 [main] INFO net.sourceforge.tess4j.TessAPITest -   font: Times_New_Roman, size: 10, font id: 283, bold: false, italic: false, underlined: false, monospace: false, serif: true, smallcap: false
marrén 99 516 242 548 79.19206223:09:19.793 [main] INFO net.sourceforge.tess4j.TessAPITest -   font: Times_New_Roman, size: 9, font id: 283, bold: false, italic: false, underlined: false, monospace: false, serif: true, smallcap: false
répido 268 517 395 557 76.83786823:09:19.793 [main] INFO net.sourceforge.tess4j.TessAPITest -   font: Times_New_Roman, size: 9, font id: 283, bold: false, italic: false, underlined: false, monospace: false, serif: true, smallcap: false
salta 421 520 513 552 90.54591423:09:19.794 [main] INFO net.sourceforge.tess4j.TessAPITest -   font: Times_New_Roman, size: 9, font id: 283, bold: false, italic: false, underlined: false, monospace: false, serif: true, smallcap: false
sobre 540 521 644 554 93.64624023:09:19.794 [main] INFO net.sourceforge.tess4j.TessAPITest -   font: Times_New_Roman, size: 9, font id: 283, bold: false, italic: false, underlined: false, monospace: false, serif: true, smallcap: false
el 669 523 702 554 91.27502423:09:19.882 [main] INFO net.sourceforge.tess4j.TessAPITest -   font: Times_New_Roman, size: 9, font id: 283, bold: false, italic: false, underlined: false, monospace: false, serif: true, smallcap: false
perro 728 532 833 563 88.13781723:09:19.883 [main] INFO net.sourceforge.tess4j.TessAPITest -   font: Times_New_Roman, size: 9, font id: 283, bold: false, italic: false, underlined: false, monospace: false, serif: true, smallcap: false
perezoso. 98 574 284 604 89.29917123:09:19.884 [main] INFO net.sourceforge.tess4j.TessAPITest -   font: Times_New_Roman, size: 10, font id: 283, bold: false, italic: false, underlined: false, monospace: false, serif: true, smallcap: false
A 313 568 342 598 92.23022523:09:19.885 [main] INFO net.sourceforge.tess4j.TessAPITest -   font: Times_New_Roman, size: 10, font id: 283, bold: false, italic: false, underlined: false, monospace: false, serif: true, smallcap: false
raposa 369 578 497 609 91.48829723:09:19.885 [main] INFO net.sourceforge.tess4j.TessAPITest -   font: Times_New_Roman, size: 10, font id: 283, bold: false, italic: false, underlined: false, monospace: false, serif: true, smallcap: false
marrom 523 579 677 604 89.25018323:09:19.886 [main] INFO net.sourceforge.tess4j.TessAPITest -   font: Times_New_Roman, size: 10, font id: 283, bold: false, italic: false, underlined: false, monospace: false, serif: true, smallcap: false
répida 703 573 829 613 75.12800623:09:19.886 [main] INFO net.sourceforge.tess4j.TessAPITest -   font: Times_New_Roman, size: 10, font id: 283, bold: false, italic: false, underlined: false, monospace: false, serif: true, smallcap: false
salta 98 616 190 647 86.05429123:09:19.887 [main] INFO net.sourceforge.tess4j.TessAPITest -   font: Times_New_Roman, size: 10, font id: 283, bold: false, italic: false, underlined: false, monospace: false, serif: true, smallcap: false
sobre 217 617 320 649 90.23437523:09:19.887 [main] INFO net.sourceforge.tess4j.TessAPITest -   font: Times_New_Roman, size: 10, font id: 283, bold: false, italic: false, underlined: false, monospace: false, serif: true, smallcap: false
0 346 627 366 650 89.35874223:09:19.888 [main] INFO net.sourceforge.tess4j.TessAPITest -   font: Century_Schoolbook_L_Bold, size: 10, font id: 60, bold: true, italic: false, underlined: false, monospace: false, serif: true, smallcap: false
C50 391 621 456 651 72.61098523:09:19.888 [main] INFO net.sourceforge.tess4j.TessAPITest -   font: Times_New_Roman, size: 10, font id: 283, bold: false, italic: false, underlined: false, monospace: false, serif: true, smallcap: true
preguieoso. 481 621 710 661 74.68872123:09:19.889 [main] INFO net.sourceforge.tess4j.TessAPITest -   font: Times_New_Roman, size: 10, font id: 283, bold: false, italic: false, underlined: false, monospace: false, serif: true, smallcap: false
23:09:19.901 [main] INFO net.sourceforge.tess4j.TessAPITest - TessVersion
23:09:19.901 [main] INFO net.sourceforge.tess4j.TessAPITest - 3.04.01
]]></system-out>
  <system-err><![CDATA[]]></system-err>
</testsuite>
